first stage: 1113831164.552812
1   778.000000
2   1980.000000
3   3182.000000
4   4384.000000
5   5586.000000
6   6788.000000
7   7990.000000
8   9192.000000
9   10394.000000
10   11950.000000
11   13152.000000
12   14354.000000
13   15556.000000
14   16758.000000
15   17960.000000
16   19162.000000
17   20364.000000
18   21566.000000
19   23616.000000
20   25666.000000
21   27716.000000
22   29766.000000
23   31816.000000
24   33866.000000
25   35916.000000
26   37966.000000
27   40370.000000
28   42420.000000
29   44470.000000
30   46520.000000
31   48570.000000
32   50620.000000
33   52670.000000
34   54720.000000
35   55922.000000
36   57972.000000
37   60022.000000
38   62072.000000
39   64122.000000
40   66172.000000
41   68222.000000
42   70272.000000
43   72322.000000
44   74726.000000
45   76776.000000
46   78826.000000
47   80876.000000
48   82926.000000
49   84976.000000
50   87026.000000
51   89076.000000
52   90278.000000
53   92328.000000
54   94378.000000
55   96428.000000
56   98478.000000
57   100528.000000
58   102578.000000
59   104628.000000
60   106678.000000
61   109082.000000
62   111132.000000
63   113182.000000
64   115232.000000
65   117282.000000
66   119332.000000
67   121382.000000
68   123432.000000
69   124634.000000
70   126684.000000
71   128734.000000
72   130784.000000
73   132834.000000
74   134884.000000
75   136934.000000
76   138984.000000
77   141034.000000
78   143438.000000
79   145488.000000
80   147538.000000
81   149588.000000
82   151638.000000
83   153688.000000
84   155738.000000
85   157788.000000
86   158990.000000
87   161040.000000
88   163090.000000
89   165140.000000
90   167190.000000
91   169240.000000
92   171290.000000
93   173340.000000
94   175390.000000
95   177794.000000
96   179844.000000
97   181894.000000
98   183944.000000
99   185994.000000
100   188044.000000
101   190094.000000
102   192144.000000
103   193346.000000
104   195396.000000
105   197446.000000
106   199496.000000
107   201546.000000
108   203596.000000
109   205646.000000
110   207696.000000
111   209746.000000
112   212150.000000
113   214200.000000
114   216250.000000
115   218300.000000
116   220350.000000
117   222400.000000
118   224450.000000
119   226500.000000
120   227702.000000
121   229752.000000
122   231802.000000
123   233852.000000
124   235902.000000
125   237952.000000
126   240002.000000
127   242052.000000
128   244102.000000
129   246506.000000
130   248556.000000
131   250606.000000
132   252656.000000
133   254706.000000
134   256756.000000
135   258806.000000
136   260856.000000
137   262058.000000
138   264108.000000
139   266158.000000
140   268208.000000
141   270258.000000
142   272308.000000
143   274358.000000
144   276408.000000
145   278458.000000
146   280862.000000
147   282912.000000
148   284962.000000
149   287012.000000
150   289062.000000
151   291112.000000
152   293162.000000
153   295212.000000
154   296414.000000
155   298464.000000
156   300514.000000
157   302564.000000
158   304614.000000
159   306664.000000
160   308714.000000
161   310764.000000
162   312814.000000
163   315218.000000
164   317268.000000
165   319318.000000
166   321368.000000
167   323418.000000
168   325468.000000
169   327518.000000
170   329568.000000
171   330770.000000
172   332820.000000
173   334870.000000
174   336920.000000
175   338970.000000
176   341020.000000
177   343070.000000
178   345120.000000
179   347170.000000
180   349574.000000
181   351624.000000
182   353674.000000
183   355724.000000
184   357774.000000
185   359824.000000
186   361874.000000
187   363924.000000
188   365126.000000
189   367176.000000
190   369226.000000
191   371276.000000
192   373326.000000
193   375376.000000
194   377426.000000
195   379476.000000
196   381526.000000
197   383930.000000
198   385980.000000
199   388030.000000
200   390080.000000
201   392130.000000
202   394180.000000
203   396230.000000
204   398280.000000
205   400260.000000
206   403512.000000
207   406764.000000
208   410016.000000
209   413268.000000
210   416520.000000
211   419772.000000
212   423024.000000
213   426276.000000
214   430236.000000
215   433488.000000
216   436740.000000
217   439992.000000
218   443244.000000
219   446496.000000
220   449748.000000
221   453000.000000
222   454980.000000
223   458232.000000
224   461484.000000
225   464736.000000
226   467988.000000
227   471240.000000
228   474492.000000
229   477744.000000
230   480996.000000
231   484956.000000
232   488208.000000
233   491460.000000
234   494712.000000
235   497964.000000
236   501216.000000
237   504468.000000
238   507720.000000
239   508922.000000
240   510972.000000
241   513022.000000
242   515072.000000
243   517122.000000
244   519172.000000
245   521222.000000
246   523272.000000
247   525322.000000
248   527726.000000
249   529776.000000
250   531826.000000
251   533876.000000
252   535926.000000
253   537976.000000
254   540026.000000
255   542076.000000
256   543278.000000
257   545328.000000
258   547378.000000
259   549428.000000
260   551478.000000
261   553528.000000
262   555578.000000
263   557628.000000
264   559678.000000
265   562082.000000
266   564132.000000
267   566182.000000
268   568232.000000
269   570282.000000
270   572332.000000
271   574382.000000
272   576432.000000
273   577634.000000
274   579684.000000
275   581734.000000
276   583784.000000
277   585834.000000
278   587884.000000
279   589934.000000
280   591984.000000
281   594034.000000
282   596438.000000
283   598488.000000
284   600538.000000
285   602588.000000
286   604638.000000
287   606688.000000
288   608738.000000
289   610788.000000
290   611990.000000
291   614040.000000
292   616090.000000
293   618140.000000
294   620190.000000
295   622240.000000
296   624290.000000
297   626340.000000
298   628390.000000
299   630794.000000
300   632844.000000
301   634894.000000
302   636944.000000
303   638994.000000
304   641044.000000
305   643094.000000
306   645144.000000
307   646346.000000
308   648396.000000
309   650446.000000
310   652496.000000
311   654546.000000
312   656596.000000
313   658646.000000
314   660696.000000
315   662746.000000
316   665150.000000
317   667200.000000
318   669250.000000
319   671300.000000
320   673350.000000
321   675400.000000
322   677450.000000
323   679500.000000
324   680702.000000
325   682752.000000
326   684802.000000
327   686852.000000
328   688902.000000
329   690952.000000
330   693002.000000
331   695052.000000
332   697102.000000
333   699506.000000
334   701556.000000
335   703606.000000
336   705656.000000
337   707706.000000
338   709756.000000
339   711806.000000
340   713856.000000
341   715058.000000
342   717108.000000
343   719158.000000
344   721208.000000
345   723258.000000
346   725308.000000
347   727358.000000
348   729408.000000
349   731458.000000
350   733862.000000
351   735912.000000
352   737962.000000
353   740012.000000
354   742062.000000
355   744112.000000
356   746162.000000
357   748212.000000
358   749414.000000
359   751464.000000
360   753514.000000
361   755564.000000
362   757614.000000
363   759664.000000
364   761714.000000
365   763764.000000
366   765814.000000
367   768218.000000
368   770268.000000
369   772318.000000
370   774368.000000
371   776418.000000
372   778468.000000
373   780518.000000
374   782568.000000
375   783770.000000
376   785820.000000
377   787870.000000
378   789920.000000
379   791970.000000
380   794020.000000
381   796070.000000
382   798120.000000
383   800170.000000
384   802574.000000
385   804624.000000
386   806674.000000
387   808724.000000
388   810774.000000
389   812824.000000
390   814874.000000
391   816924.000000
392   818126.000000
393   820176.000000
394   822226.000000
395   824276.000000
396   826326.000000
397   828376.000000
398   830426.000000
399   832476.000000
400   834526.000000
401   836930.000000
402   838980.000000
403   841030.000000
404   843080.000000
405   845130.000000
406   847180.000000
407   849230.000000
408   851280.000000
409   853260.000000
410   856512.000000
411   859764.000000
412   863016.000000
413   866268.000000
414   869520.000000
415   872772.000000
416   876024.000000
417   879276.000000
418   883236.000000
419   886488.000000
420   889740.000000
421   892992.000000
422   896244.000000
423   899496.000000
424   902748.000000
425   906000.000000
426   907980.000000
427   911232.000000
428   914484.000000
429   917736.000000
430   920988.000000
431   924240.000000
432   927492.000000
433   930744.000000
434   933996.000000
435   937956.000000
436   941208.000000
437   944460.000000
438   947712.000000
439   950964.000000
440   954216.000000
441   957468.000000
442   960720.000000
443   961922.000000
444   963972.000000
445   966022.000000
446   968072.000000
447   970122.000000
448   972172.000000
449   974222.000000
450   976272.000000
451   978322.000000
452   980726.000000
453   982776.000000
454   984826.000000
455   986876.000000
456   988926.000000
457   990976.000000
458   993026.000000
459   995076.000000
460   996278.000000
461   998328.000000
462   1000378.000000
463   1002428.000000
464   1004478.000000
465   1006528.000000
466   1008578.000000
467   1010628.000000
468   1012678.000000
469   1015082.000000
470   1017132.000000
471   1019182.000000
472   1021232.000000
473   1023282.000000
474   1025332.000000
475   1027382.000000
476   1029432.000000
477   1030634.000000
478   1032684.000000
479   1034734.000000
480   1036784.000000
481   1038834.000000
482   1040884.000000
483   1042934.000000
484   1044984.000000
485   1047034.000000
486   1049438.000000
487   1051488.000000
488   1053538.000000
489   1055588.000000
490   1057638.000000
491   1059688.000000
492   1061738.000000
493   1063788.000000
494   1064990.000000
495   1067040.000000
496   1069090.000000
497   1071140.000000
498   1073190.000000
499   1075240.000000
500   1077290.000000
501   1079340.000000
502   1081390.000000
503   1083794.000000
504   1085844.000000
505   1087894.000000
506   1089944.000000
507   1091994.000000
508   1094044.000000
509   1096094.000000
510   1098144.000000
511   1099346.000000
512   1101396.000000
513   1103446.000000
514   1105496.000000
515   1107546.000000
516   1109596.000000
517   1111646.000000
518   1113696.000000
519   1115746.000000
520   1118150.000000
521   1120200.000000
522   1122250.000000
523   1124300.000000
524   1126350.000000
525   1128400.000000
526   1130450.000000
527   1132500.000000
528   1133702.000000
529   1135752.000000
530   1137802.000000
531   1139852.000000
532   1141902.000000
533   1143952.000000
534   1146002.000000
535   1148052.000000
536   1150102.000000
537   1152506.000000
538   1154556.000000
539   1156606.000000
540   1158656.000000
541   1160706.000000
542   1162756.000000
543   1164806.000000
544   1166856.000000
545   1168058.000000
546   1170108.000000
547   1172158.000000
548   1174208.000000
549   1176258.000000
550   1178308.000000
551   1180358.000000
552   1182408.000000
553   1184458.000000
554   1186862.000000
555   1188912.000000
556   1190962.000000
557   1193012.000000
558   1195062.000000
559   1197112.000000
560   1199162.000000
561   1201212.000000
562   1202414.000000
563   1204464.000000
564   1206514.000000
565   1208564.000000
566   1210614.000000
567   1212664.000000
568   1214714.000000
569   1216764.000000
570   1218814.000000
571   1221218.000000
572   1223268.000000
573   1225318.000000
574   1227368.000000
575   1229418.000000
576   1231468.000000
577   1233518.000000
578   1235568.000000
579   1236770.000000
580   1238820.000000
581   1240870.000000
582   1242920.000000
583   1244970.000000
584   1247020.000000
585   1249070.000000
586   1251120.000000
587   1253170.000000
588   1255574.000000
589   1257624.000000
590   1259674.000000
591   1261724.000000
592   1263774.000000
593   1265824.000000
594   1267874.000000
595   1269924.000000
596   1271126.000000
597   1273176.000000
598   1275226.000000
599   1277276.000000
600   1279326.000000
601   1281376.000000
602   1283426.000000
603   1285476.000000
604   1287526.000000
605   1289930.000000
606   1291980.000000
607   1294030.000000
608   1296080.000000
609   1298130.000000
610   1300180.000000
611   1302230.000000
612   1304280.000000
613   1306260.000000
614   1309512.000000
615   1312764.000000
616   1316016.000000
617   1319268.000000
618   1322520.000000
619   1325772.000000
620   1329024.000000
621   1332276.000000
622   1336236.000000
623   1339488.000000
624   1342740.000000
625   1345992.000000
626   1349244.000000
627   1352496.000000
628   1355748.000000
629   1359000.000000
630   1360980.000000
631   1364232.000000
632   1367484.000000
633   1370736.000000
634   1373988.000000
635   1377240.000000
636   1380492.000000
637   1383744.000000
638   1386996.000000
639   1390956.000000
640   1394208.000000
641   1397460.000000
642   1400712.000000
643   1403964.000000
644   1407216.000000
645   1410468.000000
646   1413720.000000
647   1414922.000000
648   1416972.000000
649   1419022.000000
650   1421072.000000
651   1423122.000000
652   1425172.000000
653   1427222.000000
654   1429272.000000
655   1431322.000000
656   1433726.000000
657   1435776.000000
658   1437826.000000
659   1439876.000000
660   1441926.000000
661   1443976.000000
662   1446026.000000
663   1448076.000000
664   1449278.000000
665   1451328.000000
666   1453378.000000
667   1455428.000000
668   1457478.000000
669   1459528.000000
670   1461578.000000
671   1463628.000000
672   1465678.000000
673   1468082.000000
674   1470132.000000
675   1472182.000000
676   1474232.000000
677   1476282.000000
678   1478332.000000
679   1480382.000000
680   1482432.000000
681   1483634.000000
682   1485684.000000
683   1487734.000000
684   1489784.000000
685   1491834.000000
686   1493884.000000
687   1495934.000000
688   1497984.000000
689   1500034.000000
690   1502438.000000
691   1504488.000000
692   1506538.000000
693   1508588.000000
694   1510638.000000
695   1512688.000000
696   1514738.000000
697   1516788.000000
698   1517990.000000
699   1520040.000000
700   1522090.000000
701   1524140.000000
702   1526190.000000
703   1528240.000000
704   1530290.000000
705   1532340.000000
706   1534390.000000
707   1536794.000000
708   1538844.000000
709   1540894.000000
710   1542944.000000
711   1544994.000000
712   1547044.000000
713   1549094.000000
714   1551144.000000
715   1552346.000000
716   1554396.000000
717   1556446.000000
718   1558496.000000
719   1560546.000000
720   1562596.000000
721   1564646.000000
722   1566696.000000
723   1568746.000000
724   1571150.000000
725   1573200.000000
726   1575250.000000
727   1577300.000000
728   1579350.000000
729   1581400.000000
730   1583450.000000
731   1585500.000000
732   1586702.000000
733   1588752.000000
734   1590802.000000
735   1592852.000000
736   1594902.000000
737   1596952.000000
738   1599002.000000
739   1601052.000000
740   1603102.000000
741   1605506.000000
742   1607556.000000
743   1609606.000000
744   1611656.000000
745   1613706.000000
746   1615756.000000
747   1617806.000000
748   1619856.000000
749   1621058.000000
750   1623108.000000
751   1625158.000000
752   1627208.000000
753   1629258.000000
754   1631308.000000
755   1633358.000000
756   1635408.000000
757   1637458.000000
758   1639862.000000
759   1641912.000000
760   1643962.000000
761   1646012.000000
762   1648062.000000
763   1650112.000000
764   1652162.000000
765   1654212.000000
766   1655414.000000
767   1657464.000000
768   1659514.000000
769   1661564.000000
770   1663614.000000
771   1665664.000000
772   1667714.000000
773   1669764.000000
774   1671814.000000
775   1674218.000000
776   1676268.000000
777   1678318.000000
778   1680368.000000
779   1682418.000000
780   1684468.000000
781   1686518.000000
782   1688568.000000
783   1689770.000000
784   1691820.000000
785   1693870.000000
786   1695920.000000
787   1697970.000000
788   1700020.000000
789   1702070.000000
790   1704120.000000
791   1706170.000000
792   1708574.000000
793   1710624.000000
794   1712674.000000
795   1714724.000000
796   1716774.000000
797   1718824.000000
798   1720874.000000
799   1722924.000000
800   1724126.000000
801   1726176.000000
802   1728226.000000
803   1730276.000000
804   1732326.000000
805   1734376.000000
806   1736426.000000
807   1738476.000000
808   1740526.000000
809   1742930.000000
810   1744980.000000
811   1747030.000000
812   1749080.000000
813   1751130.000000
814   1753180.000000
815   1755230.000000
816   1757280.000000
817   1759260.000000
818   1762512.000000
819   1765764.000000
820   1769016.000000
821   1772268.000000
822   1775520.000000
823   1778772.000000
824   1782024.000000
825   1785276.000000
826   1789236.000000
827   1792488.000000
828   1795740.000000
829   1798992.000000
830   1802244.000000
831   1805496.000000
832   1808748.000000
833   1812000.000000
834   1813980.000000
835   1817232.000000
836   1820484.000000
837   1823736.000000
838   1826988.000000
839   1830240.000000
840   1833492.000000
841   1836744.000000
842   1839996.000000
843   1843956.000000
844   1847208.000000
845   1850460.000000
846   1853712.000000
847   1856964.000000
848   1860216.000000
849   1863468.000000
850   1866720.000000
851   1867922.000000
852   1869972.000000
853   1872022.000000
854   1874072.000000
855   1876122.000000
856   1878172.000000
857   1880222.000000
858   1882272.000000
859   1884322.000000
860   1886726.000000
861   1888776.000000
862   1890826.000000
863   1892876.000000
864   1894926.000000
865   1896976.000000
866   1899026.000000
867   1901076.000000
868   1902278.000000
869   1904328.000000
870   1906378.000000
871   1908428.000000
872   1910478.000000
873   1912528.000000
874   1914578.000000
875   1916628.000000
876   1918678.000000
877   1921082.000000
878   1923132.000000
879   1925182.000000
880   1927232.000000
881   1929282.000000
882   1931332.000000
883   1933382.000000
884   1935432.000000
885   1936634.000000
886   1938684.000000
887   1940734.000000
888   1942784.000000
889   1944834.000000
890   1946884.000000
891   1948934.000000
892   1950984.000000
893   1953034.000000
894   1955438.000000
895   1957488.000000
896   1959538.000000
897   1961588.000000
898   1963638.000000
899   1965688.000000
900   1967738.000000
901   1969788.000000
902   1970990.000000
903   1973040.000000
904   1975090.000000
905   1977140.000000
906   1979190.000000
907   1981240.000000
908   1983290.000000
909   1985340.000000
910   1987390.000000
911   1989794.000000
912   1991844.000000
913   1993894.000000
914   1995944.000000
915   1997994.000000
916   2000044.000000
917   2002094.000000
918   2004144.000000
919   2005346.000000
920   2007396.000000
921   2009446.000000
922   2011496.000000
923   2013546.000000
924   2015596.000000
925   2017646.000000
926   2019696.000000
927   2021746.000000
928   2024150.000000
929   2026200.000000
930   2028250.000000
931   2030300.000000
932   2032350.000000
933   2034400.000000
934   2036450.000000
935   2038500.000000
936   2039702.000000
937   2041752.000000
938   2043802.000000
939   2045852.000000
940   2047902.000000
941   2049952.000000
942   2052002.000000
943   2054052.000000
944   2056102.000000
945   2058506.000000
946   2060556.000000
947   2062606.000000
948   2064656.000000
949   2066706.000000
950   2068756.000000
951   2070806.000000
952   2072856.000000
953   2074058.000000
954   2076108.000000
955   2078158.000000
956   2080208.000000
957   2082258.000000
958   2084308.000000
959   2086358.000000
960   2088408.000000
961   2090458.000000
962   2092862.000000
963   2094912.000000
964   2096962.000000
965   2099012.000000
966   2101062.000000
967   2103112.000000
968   2105162.000000
969   2107212.000000
970   2108414.000000
971   2110464.000000
972   2112514.000000
973   2114564.000000
974   2116614.000000
975   2118664.000000
976   2120714.000000
977   2122764.000000
978   2124814.000000
979   2127218.000000
980   2129268.000000
981   2131318.000000
982   2133368.000000
983   2135418.000000
984   2137468.000000
985   2139518.000000
986   2141568.000000
987   2142770.000000
988   2144820.000000
989   2146870.000000
990   2148920.000000
991   2150970.000000
992   2153020.000000
993   2155070.000000
994   2157120.000000
995   2159170.000000
996   2161574.000000
997   2163624.000000
998   2165674.000000
999   2167724.000000
1000   2169774.000000
1001   2171824.000000
1002   2173874.000000
1003   2175924.000000
1004   2177126.000000
1005   2179176.000000
1006   2181226.000000
1007   2183276.000000
1008   2185326.000000
1009   2187376.000000
1010   2189426.000000
1011   2191476.000000
1012   2193526.000000
1013   2195930.000000
1014   2197980.000000
1015   2200030.000000
1016   2202080.000000
1017   2204130.000000
1018   2206180.000000
1019   2208230.000000
1020   2210280.000000
1021   2212260.000000
1022   2215512.000000
1023   2218764.000000
1024   2222016.000000
1025   2225268.000000
1026   2228520.000000
1027   2231772.000000
1028   2235024.000000
1029   2238276.000000
1030   2242236.000000
1031   2245488.000000
1032   2248740.000000
1033   2251992.000000
1034   2255244.000000
1035   2258496.000000
1036   2261748.000000
1037   2265000.000000
1038   2266980.000000
1039   2270232.000000
1040   2273484.000000
1041   2276736.000000
1042   2279988.000000
1043   2283240.000000
1044   2286492.000000
1045   2289744.000000
1046   2292996.000000
1047   2296956.000000
1048   2300208.000000
1049   2303460.000000
1050   2306712.000000
1051   2309964.000000
1052   2313216.000000
1053   2316468.000000
1054   2319720.000000
1055   2320922.000000
1056   2322972.000000
1057   2325022.000000
1058   2327072.000000
1059   2329122.000000
1060   2331172.000000
1061   2333222.000000
1062   2335272.000000
1063   2337322.000000
1064   2339726.000000
1065   2341776.000000
1066   2343826.000000
1067   2345876.000000
1068   2347926.000000
1069   2349976.000000
1070   2352026.000000
1071   2354076.000000
1072   2355278.000000
1073   2357328.000000
1074   2359378.000000
1075   2361428.000000
1076   2363478.000000
1077   2365528.000000
1078   2367578.000000
1079   2369628.000000
1080   2371678.000000
1081   2374082.000000
1082   2376132.000000
1083   2378182.000000
1084   2380232.000000
1085   2382282.000000
1086   2384332.000000
1087   2386382.000000
1088   2388432.000000
1089   2389634.000000
1090   2391684.000000
1091   2393734.000000
1092   2395784.000000
1093   2397834.000000
1094   2399884.000000
1095   2401934.000000
1096   2403984.000000
1097   2406034.000000
1098   2408438.000000
1099   2410488.000000
1100   2412538.000000
1101   2414588.000000
1102   2416638.000000
1103   2418688.000000
1104   2420738.000000
1105   2422788.000000
1106   2423990.000000
1107   2426040.000000
1108   2428090.000000
1109   2430140.000000
1110   2432190.000000
1111   2434240.000000
1112   2436290.000000
1113   2438340.000000
1114   2440390.000000
1115   2442794.000000
1116   2444844.000000
1117   2446894.000000
1118   2448944.000000
1119   2450994.000000
1120   2453044.000000
1121   2455094.000000
1122   2457144.000000
1123   2458346.000000
1124   2460396.000000
1125   2462446.000000
1126   2464496.000000
1127   2466546.000000
1128   2468596.000000
1129   2470646.000000
1130   2472696.000000
1131   2474746.000000
1132   2477150.000000
1133   2479200.000000
1134   2481250.000000
1135   2483300.000000
1136   2485350.000000
1137   2487400.000000
1138   2489450.000000
1139   2491500.000000
1140   2492702.000000
1141   2494752.000000
1142   2496802.000000
1143   2498852.000000
1144   2500902.000000
1145   2502952.000000
1146   2505002.000000
1147   2507052.000000
1148   2509102.000000
1149   2511506.000000
1150   2513556.000000
1151   2515606.000000
1152   2517656.000000
1153   2519706.000000
1154   2521756.000000
1155   2523806.000000
1156   2525856.000000
1157   2527058.000000
1158   2529108.000000
1159   2531158.000000
1160   2533208.000000
1161   2535258.000000
1162   2537308.000000
1163   2539358.000000
1164   2541408.000000
1165   2543458.000000
1166   2545862.000000
1167   2547912.000000
1168   2549962.000000
1169   2552012.000000
1170   2554062.000000
1171   2556112.000000
1172   2558162.000000
1173   2560212.000000
1174   2561414.000000
1175   2563464.000000
1176   2565514.000000
1177   2567564.000000
1178   2569614.000000
1179   2571664.000000
1180   2573714.000000
1181   2575764.000000
1182   2577814.000000
1183   2580218.000000
1184   2582268.000000
1185   2584318.000000
1186   2586368.000000
1187   2588418.000000
1188   2590468.000000
1189   2592518.000000
1190   2594568.000000
1191   2595770.000000
1192   2597820.000000
1193   2599870.000000
1194   2601920.000000
1195   2603970.000000
1196   2606020.000000
1197   2608070.000000
1198   2610120.000000
1199   2612170.000000
1200   2614574.000000
1201   2616624.000000
1202   2618674.000000
1203   2620724.000000
1204   2622774.000000
1205   2624824.000000
1206   2626874.000000
1207   2628924.000000
1208   2630126.000000
1209   2632176.000000
1210   2634226.000000
1211   2636276.000000
1212   2638326.000000
1213   2640376.000000
1214   2642426.000000
1215   2644476.000000
1216   2646526.000000
1217   2648930.000000
1218   2650980.000000
1219   2653030.000000
1220   2655080.000000
1221   2657130.000000
1222   2659180.000000
1223   2661230.000000
1224   2663280.000000
1225   2665260.000000
1226   2668512.000000
1227   2671764.000000
1228   2675016.000000
1229   2678268.000000
1230   2681520.000000
1231   2684772.000000
1232   2688024.000000
1233   2691276.000000
1234   2695236.000000
1235   2698488.000000
1236   2701740.000000
1237   2704992.000000
1238   2708244.000000
1239   2711496.000000
1240   2714748.000000
1241   2718000.000000
1242   2719980.000000
1243   2723232.000000
1244   2726484.000000
1245   2729736.000000
1246   2732988.000000
1247   2736240.000000
1248   2739492.000000
1249   2742744.000000
1250   2745996.000000
1251   2749956.000000
1252   2753208.000000
1253   2756460.000000
1254   2759712.000000
1255   2762964.000000
1256   2766216.000000
1257   2769468.000000
1258   2772720.000000
1259   2773922.000000
1260   2775972.000000
1261   2778022.000000
1262   2780072.000000
1263   2782122.000000
1264   2784172.000000
1265   2786222.000000
1266   2788272.000000
1267   2790322.000000
1268   2792726.000000
1269   2794776.000000
1270   2796826.000000
1271   2798876.000000
1272   2800926.000000
1273   2802976.000000
1274   2805026.000000
1275   2807076.000000
1276   2808278.000000
1277   2810328.000000
1278   2812378.000000
1279   2814428.000000
1280   2816478.000000
1281   2818528.000000
1282   2820578.000000
1283   2822628.000000
1284   2824678.000000
1285   2827082.000000
1286   2829132.000000
1287   2831182.000000
1288   2833232.000000
1289   2835282.000000
1290   2837332.000000
1291   2839382.000000
1292   2841432.000000
1293   2842634.000000
1294   2844684.000000
1295   2846734.000000
1296   2848784.000000
1297   2850834.000000
1298   2852884.000000
1299   2854934.000000
1300   2856984.000000
1301   2859034.000000
1302   2861438.000000
1303   2863488.000000
1304   2865538.000000
1305   2867588.000000
1306   2869638.000000
1307   2871688.000000
1308   2873738.000000
1309   2875788.000000
1310   2876990.000000
1311   2879040.000000
1312   2881090.000000
1313   2883140.000000
1314   2885190.000000
1315   2887240.000000
1316   2889290.000000
1317   2891340.000000
1318   2893390.000000
1319   2895794.000000
1320   2897844.000000
1321   2899894.000000
1322   2901944.000000
1323   2903994.000000
1324   2906044.000000
1325   2908094.000000
1326   2910144.000000
1327   2911346.000000
1328   2913396.000000
1329   2915446.000000
1330   2917496.000000
1331   2919546.000000
1332   2921596.000000
1333   2923646.000000
1334   2925696.000000
1335   2927746.000000
1336   2930150.000000
1337   2932200.000000
1338   2934250.000000
1339   2936300.000000
1340   2938350.000000
1341   2940400.000000
1342   2942450.000000
1343   2944500.000000
1344   2945702.000000
1345   2947752.000000
1346   2949802.000000
1347   2951852.000000
1348   2953902.000000
1349   2955952.000000
1350   2958002.000000
1351   2960052.000000
1352   2962102.000000
1353   2964506.000000
1354   2966556.000000
1355   2968606.000000
1356   2970656.000000
1357   2972706.000000
1358   2974756.000000
1359   2976806.000000
1360   2978856.000000
1361   2980058.000000
1362   2982108.000000
1363   2984158.000000
1364   2986208.000000
1365   2988258.000000
1366   2990308.000000
1367   2992358.000000
1368   2994408.000000
1369   2996458.000000
1370   2998862.000000
1371   3000912.000000
1372   3002962.000000
1373   3005012.000000
1374   3007062.000000
1375   3009112.000000
1376   3011162.000000
1377   3013212.000000
1378   3014414.000000
1379   3016464.000000
1380   3018514.000000
1381   3020564.000000
1382   3022614.000000
1383   3024664.000000
1384   3026714.000000
1385   3028764.000000
1386   3030814.000000
1387   3033218.000000
1388   3035268.000000
1389   3037318.000000
1390   3039368.000000
1391   3041418.000000
1392   3043468.000000
1393   3045518.000000
1394   3047568.000000
1395   3048770.000000
1396   3050820.000000
1397   3052870.000000
1398   3054920.000000
1399   3056970.000000
1400   3059020.000000
1401   3061070.000000
1402   3063120.000000
1403   3065170.000000
1404   3067574.000000
1405   3069624.000000
1406   3071674.000000
1407   3073724.000000
1408   3075774.000000
1409   3077824.000000
1410   3079874.000000
1411   3081924.000000
1412   3083126.000000
1413   3085176.000000
1414   3087226.000000
1415   3089276.000000
1416   3091326.000000
1417   3093376.000000
1418   3095426.000000
1419   3097476.000000
1420   3099526.000000
1421   3101930.000000
1422   3103980.000000
1423   3106030.000000
1424   3108080.000000
1425   3110130.000000
1426   3112180.000000
1427   3114230.000000
1428   3116280.000000
1429   3118260.000000
1430   3121512.000000
1431   3124764.000000
1432   3128016.000000
1433   3131268.000000
1434   3134520.000000
1435   3137772.000000
1436   3141024.000000
1437   3144276.000000
1438   3148236.000000
1439   3151488.000000
1440   3154740.000000
1441   3157992.000000
1442   3161244.000000
1443   3164496.000000
1444   3167748.000000
1445   3171000.000000
1446   3172980.000000
1447   3176232.000000
1448   3179484.000000
1449   3182736.000000
1450   3185988.000000
1451   3189240.000000
1452   3192492.000000
1453   3195744.000000
1454   3198996.000000
1455   3202956.000000
1456   3206208.000000
1457   3209460.000000
1458   3212712.000000
1459   3215964.000000
1460   3219216.000000
1461   3222468.000000
1462   3225720.000000
1463   3226922.000000
1464   3228972.000000
1465   3231022.000000
1466   3233072.000000
1467   3235122.000000
1468   3237172.000000
1469   3239222.000000
1470   3241272.000000
1471   3243322.000000
1472   3245726.000000
1473   3247776.000000
1474   3249826.000000
1475   3251876.000000
1476   3253926.000000
1477   3255976.000000
1478   3258026.000000
1479   3260076.000000
1480   3261278.000000
1481   3263328.000000
1482   3265378.000000
1483   3267428.000000
1484   3269478.000000
1485   3271528.000000
1486   3273578.000000
1487   3275628.000000
1488   3277678.000000
1489   3280082.000000
1490   3282132.000000
1491   3284182.000000
1492   3286232.000000
1493   3288282.000000
1494   3290332.000000
1495   3292382.000000
1496   3294432.000000
1497   3295634.000000
1498   3297684.000000
1499   3299734.000000
1500   3301784.000000
1501   3303834.000000
1502   3305884.000000
1503   3307934.000000
1504   3309984.000000
1505   3312034.000000
1506   3314438.000000
1507   3316488.000000
1508   3318538.000000
1509   3320588.000000
1510   3322638.000000
1511   3324688.000000
1512   3326738.000000
1513   3328788.000000
1514   3329990.000000
1515   3332040.000000
1516   3334090.000000
1517   3336140.000000
1518   3338190.000000
1519   3340240.000000
1520   3342290.000000
1521   3344340.000000
1522   3346390.000000
1523   3348794.000000
1524   3350844.000000
1525   3352894.000000
1526   3354944.000000
1527   3356994.000000
1528   3359044.000000
1529   3361094.000000
1530   3363144.000000
1531   3364346.000000
1532   3366396.000000
1533   3368446.000000
1534   3370496.000000
1535   3372546.000000
1536   3374596.000000
1537   3376646.000000
1538   3378696.000000
1539   3380746.000000
1540   3383150.000000
1541   3385200.000000
1542   3387250.000000
1543   3389300.000000
1544   3391350.000000
1545   3393400.000000
1546   3395450.000000
1547   3397500.000000
1548   3398702.000000
1549   3400752.000000
1550   3402802.000000
1551   3404852.000000
1552   3406902.000000
1553   3408952.000000
1554   3411002.000000
1555   3413052.000000
1556   3415102.000000
1557   3417506.000000
1558   3419556.000000
1559   3421606.000000
1560   3423656.000000
1561   3425706.000000
1562   3427756.000000
1563   3429806.000000
1564   3431856.000000
1565   3433058.000000
1566   3435108.000000
1567   3437158.000000
1568   3439208.000000
1569   3441258.000000
1570   3443308.000000
1571   3445358.000000
1572   3447408.000000
1573   3449458.000000
1574   3451862.000000
1575   3453912.000000
1576   3455962.000000
1577   3458012.000000
1578   3460062.000000
1579   3462112.000000
1580   3464162.000000
1581   3466212.000000
1582   3467414.000000
1583   3469464.000000
1584   3471514.000000
1585   3473564.000000
1586   3475614.000000
1587   3477664.000000
1588   3479714.000000
1589   3481764.000000
1590   3483814.000000
1591   3486218.000000
1592   3488268.000000
1593   3490318.000000
1594   3492368.000000
1595   3494418.000000
1596   3496468.000000
1597   3498518.000000
1598   3500568.000000
1599   3501770.000000
1600   3503820.000000
1601   3505870.000000
1602   3507920.000000
1603   3509970.000000
1604   3512020.000000
1605   3514070.000000
1606   3516120.000000
1607   3518170.000000
1608   3520574.000000
1609   3522624.000000
1610   3524674.000000
1611   3526724.000000
1612   3528774.000000
1613   3530824.000000
1614   3532874.000000
1615   3534924.000000
1616   3536126.000000
1617   3538176.000000
1618   3540226.000000
1619   3542276.000000
1620   3544326.000000
1621   3546376.000000
1622   3548426.000000
1623   3550476.000000
1624   3552526.000000
1625   3554930.000000
1626   3556980.000000
1627   3559030.000000
1628   3561080.000000
1629   3563130.000000
1630   3565180.000000
1631   3567230.000000
1632   3569280.000000
1633   3571260.000000
1634   3574512.000000
1635   3577764.000000
1636   3581016.000000
1637   3584268.000000
1638   3587520.000000
1639   3590772.000000
1640   3594024.000000
1641   3597276.000000
1642   3601236.000000
1643   3604488.000000
1644   3607740.000000
1645   3610992.000000
1646   3614244.000000
1647   3617496.000000
1648   3620748.000000
1649   3624000.000000
1650   3625980.000000
1651   3629232.000000
1652   3632484.000000
1653   3635736.000000
1654   3638988.000000
1655   3642240.000000
1656   3645492.000000
1657   3648744.000000
1658   3651996.000000
1659   3655956.000000
1660   3659208.000000
1661   3662460.000000
1662   3665712.000000
1663   3668964.000000
1664   3672216.000000
1665   3675468.000000
1666   3678720.000000
1667   3679922.000000
1668   3681972.000000
1669   3684022.000000
1670   3686072.000000
1671   3688122.000000
1672   3690172.000000
1673   3692222.000000
1674   3694272.000000
1675   3696322.000000
1676   3698726.000000
1677   3700776.000000
1678   3702826.000000
1679   3704876.000000
1680   3706926.000000
1681   3708976.000000
1682   3711026.000000
1683   3713076.000000
1684   3714278.000000
1685   3716328.000000
1686   3718378.000000
1687   3720428.000000
1688   3722478.000000
1689   3724528.000000
1690   3726578.000000
1691   3728628.000000
1692   3730678.000000
1693   3733082.000000
1694   3735132.000000
1695   3737182.000000
1696   3739232.000000
1697   3741282.000000
1698   3743332.000000
1699   3745382.000000
1700   3747432.000000
1701   3748634.000000
1702   3750684.000000
1703   3752734.000000
1704   3754784.000000
1705   3756834.000000
1706   3758884.000000
1707   3760934.000000
1708   3762984.000000
1709   3765034.000000
1710   3767438.000000
1711   3769488.000000
1712   3771538.000000
1713   3773588.000000
1714   3775638.000000
1715   3777688.000000
1716   3779738.000000
1717   3781788.000000
1718   3782990.000000
1719   3785040.000000
1720   3787090.000000
1721   3789140.000000
1722   3791190.000000
1723   3793240.000000
1724   3795290.000000
1725   3797340.000000
1726   3799390.000000
1727   3801794.000000
1728   3803844.000000
1729   3805894.000000
1730   3807944.000000
1731   3809994.000000
1732   3812044.000000
1733   3814094.000000
1734   3816144.000000
1735   3817346.000000
1736   3819396.000000
1737   3821446.000000
1738   3823496.000000
1739   3825546.000000
1740   3827596.000000
1741   3829646.000000
1742   3831696.000000
1743   3833746.000000
1744   3836150.000000
1745   3838200.000000
1746   3840250.000000
1747   3842300.000000
1748   3844350.000000
1749   3846400.000000
1750   3848450.000000
1751   3850500.000000
1752   3851702.000000
1753   3853752.000000
1754   3855802.000000
1755   3857852.000000
1756   3859902.000000
1757   3861952.000000
1758   3864002.000000
1759   3866052.000000
1760   3868102.000000
1761   3870506.000000
1762   3872556.000000
1763   3874606.000000
1764   3876656.000000
1765   3878706.000000
1766   3880756.000000
1767   3882806.000000
1768   3884856.000000
1769   3886058.000000
1770   3888108.000000
1771   3890158.000000
1772   3892208.000000
1773   3894258.000000
1774   3896308.000000
1775   3898358.000000
1776   3900408.000000
1777   3902458.000000
1778   3904862.000000
1779   3906912.000000
1780   3908962.000000
1781   3911012.000000
1782   3913062.000000
1783   3915112.000000
1784   3917162.000000
1785   3919212.000000
1786   3920414.000000
1787   3922464.000000
1788   3924514.000000
1789   3926564.000000
1790   3928614.000000
1791   3930664.000000
1792   3932714.000000
1793   3934764.000000
1794   3936814.000000
1795   3939218.000000
1796   3941268.000000
1797   3943318.000000
1798   3945368.000000
1799   3947418.000000
1800   3949468.000000
1801   3951518.000000
1802   3953568.000000
1803   3954770.000000
1804   3956820.000000
1805   3958870.000000
1806   3960920.000000
1807   3962970.000000
1808   3965020.000000
1809   3967070.000000
1810   3969120.000000
1811   3971170.000000
1812   3973574.000000
1813   3975624.000000
1814   3977674.000000
1815   3979724.000000
1816   3981774.000000
1817   3983824.000000
1818   3985874.000000
1819   3987924.000000
1820   3989126.000000
1821   3991176.000000
1822   3993226.000000
1823   3995276.000000
1824   3997326.000000
1825   3999376.000000
1826   4001426.000000
1827   4003476.000000
1828   4005526.000000
1829   4007930.000000
1830   4009980.000000
1831   4012030.000000
1832   4014080.000000
1833   4016130.000000
1834   4018180.000000
1835   4020230.000000
1836   4022280.000000
1837   4024260.000000
1838   4027512.000000
1839   4030764.000000
1840   4034016.000000
1841   4037268.000000
1842   4040520.000000
1843   4043772.000000
1844   4047024.000000
1845   4050276.000000
1846   4054236.000000
1847   4057488.000000
1848   4060740.000000
1849   4063992.000000
1850   4067244.000000
1851   4070496.000000
1852   4073748.000000
1853   4077000.000000
1854   4078980.000000
1855   4082232.000000
1856   4085484.000000
1857   4088736.000000
1858   4091988.000000
1859   4095240.000000
1860   4098492.000000
1861   4101744.000000
1862   4104996.000000
1863   4108956.000000
1864   4112208.000000
1865   4115460.000000
1866   4118712.000000
1867   4121964.000000
1868   4125216.000000
1869   4128468.000000
1870   4131720.000000
1871   4132922.000000
1872   4134972.000000
1873   4137022.000000
1874   4139072.000000
1875   4141122.000000
1876   4143172.000000
1877   4145222.000000
1878   4147272.000000
1879   4149322.000000
1880   4151726.000000
1881   4153776.000000
1882   4155826.000000
1883   4157876.000000
1884   4159926.000000
1885   4161976.000000
1886   4164026.000000
1887   4166076.000000
1888   4167278.000000
1889   4169328.000000
1890   4171378.000000
1891   4173428.000000
1892   4175478.000000
1893   4177528.000000
1894   4179578.000000
1895   4181628.000000
1896   4183678.000000
1897   4186082.000000
1898   4188132.000000
1899   4190182.000000
1900   4192232.000000
1901   4194282.000000
1902   4196332.000000
1903   4198382.000000
1904   4200432.000000
1905   4201634.000000
1906   4203684.000000
1907   4205734.000000
1908   4207784.000000
1909   4209834.000000
1910   4211884.000000
1911   4213934.000000
1912   4215984.000000
1913   4218034.000000
1914   4220438.000000
1915   4222488.000000
1916   4224538.000000
1917   4226588.000000
1918   4228638.000000
1919   4230688.000000
1920   4232738.000000
1921   4234788.000000
1922   4235990.000000
1923   4238040.000000
1924   4240090.000000
1925   4242140.000000
1926   4244190.000000
1927   4246240.000000
1928   4248290.000000
1929   4250340.000000
1930   4252390.000000
1931   4254794.000000
1932   4256844.000000
1933   4258894.000000
1934   4260944.000000
1935   4262994.000000
1936   4265044.000000
1937   4267094.000000
1938   4269144.000000
1939   4270346.000000
1940   4272396.000000
1941   4274446.000000
1942   4276496.000000
1943   4278546.000000
1944   4280596.000000
1945   4282646.000000
1946   4284696.000000
1947   4286746.000000
1948   4289150.000000
1949   4291200.000000
1950   4293250.000000
1951   4295300.000000
1952   4297350.000000
1953   4299400.000000
1954   4301450.000000
1955   4303500.000000
1956   4304702.000000
1957   4306752.000000
1958   4308802.000000
1959   4310852.000000
1960   4312902.000000
1961   4314952.000000
1962   4317002.000000
1963   4319052.000000
1964   4321102.000000
1965   4323506.000000
1966   4325556.000000
1967   4327606.000000
1968   4329656.000000
1969   4331706.000000
1970   4333756.000000
1971   4335806.000000
1972   4337856.000000
1973   4339058.000000
1974   4341108.000000
1975   4343158.000000
1976   4345208.000000
1977   4347258.000000
1978   4349308.000000
1979   4351358.000000
1980   4353408.000000
1981   4355458.000000
1982   4357862.000000
1983   4359912.000000
1984   4361962.000000
1985   4364012.000000
1986   4366062.000000
1987   4368112.000000
1988   4370162.000000
1989   4372212.000000
1990   4373414.000000
1991   4375464.000000
1992   4377514.000000
1993   4379564.000000
1994   4381614.000000
1995   4383664.000000
1996   4385714.000000
1997   4387764.000000
1998   4389814.000000
1999   4392218.000000
2000   4394268.000000
2001   4396318.000000
2002   4398368.000000
2003   4400418.000000
2004   4402468.000000
2005   4404518.000000
2006   4406568.000000
2007   4407770.000000
2008   4409820.000000
2009   4411870.000000
2010   4413920.000000
2011   4415970.000000
2012   4418020.000000
2013   4420070.000000
2014   4422120.000000
2015   4424170.000000
2016   4426574.000000
2017   4428624.000000
2018   4430674.000000
2019   4432724.000000
2020   4434774.000000
2021   4436824.000000
2022   4438874.000000
2023   4440924.000000
2024   4442126.000000
2025   4444176.000000
2026   4446226.000000
2027   4448276.000000
2028   4450326.000000
2029   4452376.000000
2030   4454426.000000
2031   4456476.000000
2032   4458526.000000
2033   4460930.000000
2034   4462980.000000
2035   4465030.000000
2036   4467080.000000
2037   4469130.000000
2038   4471180.000000
2039   4473230.000000
2040   4475280.000000
2041   4477260.000000
2042   4480512.000000
2043   4483764.000000
2044   4487016.000000
2045   4490268.000000
2046   4493520.000000
2047   4496772.000000
2048   4500024.000000
2049   4503276.000000
2050   4507236.000000
2051   4510488.000000
2052   4513740.000000
2053   4516992.000000
2054   4520244.000000
2055   4523496.000000
2056   4526748.000000
2057   4530000.000000
2058   4531980.000000
2059   4535232.000000
2060   4538484.000000
2061   4541736.000000
2062   4544988.000000
2063   4548240.000000
2064   4551492.000000
2065   4554744.000000
2066   4557996.000000
2067   4561956.000000
2068   4565208.000000
2069   4568460.000000
2070   4571712.000000
2071   4574964.000000
2072   4578216.000000
2073   4581468.000000
2074   4584720.000000
2075   4585922.000000
2076   4587972.000000
2077   4590022.000000
2078   4592072.000000
2079   4594122.000000
2080   4596172.000000
2081   4598222.000000
2082   4600272.000000
2083   4602322.000000
2084   4604726.000000
2085   4606776.000000
2086   4608826.000000
2087   4610876.000000
2088   4612926.000000
2089   4614976.000000
2090   4617026.000000
2091   4619076.000000
2092   4620278.000000
2093   4622328.000000
2094   4624378.000000
2095   4626428.000000
2096   4628478.000000
2097   4630528.000000
2098   4632578.000000
2099   4634628.000000
2100   4636678.000000
2101   4639082.000000
2102   4641132.000000
2103   4643182.000000
2104   4645232.000000
2105   4647282.000000
2106   4649332.000000
2107   4651382.000000
2108   4653432.000000
2109   4654634.000000
2110   4656684.000000
2111   4658734.000000
2112   4660784.000000
2113   4662834.000000
2114   4664884.000000
2115   4666934.000000
2116   4668984.000000
2117   4671034.000000
2118   4673438.000000
2119   4675488.000000
2120   4677538.000000
2121   4679588.000000
2122   4681638.000000
2123   4683688.000000
2124   4685738.000000
2125   4687788.000000
2126   4688990.000000
2127   4691040.000000
2128   4693090.000000
2129   4695140.000000
2130   4697190.000000
2131   4699240.000000
2132   4701290.000000
2133   4703340.000000
2134   4705390.000000
2135   4707794.000000
2136   4709844.000000
2137   4711894.000000
2138   4713944.000000
2139   4715994.000000
2140   4718044.000000
2141   4720094.000000
2142   4722144.000000
2143   4723346.000000
2144   4725396.000000
2145   4727446.000000
2146   4729496.000000
2147   4731546.000000
2148   4733596.000000
2149   4735646.000000
2150   4737696.000000
2151   4739746.000000
2152   4742150.000000
2153   4744200.000000
2154   4746250.000000
2155   4748300.000000
2156   4750350.000000
2157   4752400.000000
2158   4754450.000000
2159   4756500.000000
2160   4757702.000000
2161   4759752.000000
2162   4761802.000000
2163   4763852.000000
2164   4765902.000000
2165   4767952.000000
2166   4770002.000000
2167   4772052.000000
2168   4774102.000000
2169   4776506.000000
2170   4778556.000000
2171   4780606.000000
2172   4782656.000000
2173   4784706.000000
2174   4786756.000000
2175   4788806.000000
2176   4790856.000000
2177   4792058.000000
2178   4794108.000000
2179   4796158.000000
2180   4798208.000000
2181   4800258.000000
2182   4802308.000000
2183   4804358.000000
2184   4806408.000000
2185   4808458.000000
2186   4810862.000000
2187   4812912.000000
2188   4814962.000000
2189   4817012.000000
2190   4819062.000000
2191   4821112.000000
2192   4823162.000000
2193   4825212.000000
2194   4826414.000000
2195   4828464.000000
2196   4830514.000000
2197   4832564.000000
2198   4834614.000000
2199   4836664.000000
2200   4838714.000000
2201   4840764.000000
2202   4842814.000000
2203   4845218.000000
2204   4847268.000000
2205   4849318.000000
2206   4851368.000000
2207   4853418.000000
2208   4855468.000000
2209   4857518.000000
2210   4859568.000000
2211   4860770.000000
2212   4862820.000000
2213   4864870.000000
2214   4866920.000000
2215   4868970.000000
2216   4871020.000000
2217   4873070.000000
2218   4875120.000000
2219   4877170.000000
2220   4879574.000000
2221   4881624.000000
2222   4883674.000000
2223   4885724.000000
2224   4887774.000000
2225   4889824.000000
2226   4891874.000000
2227   4893924.000000
2228   4895126.000000
2229   4897176.000000
2230   4899226.000000
2231   4901276.000000
2232   4903326.000000
2233   4905376.000000
2234   4907426.000000
2235   4909476.000000
2236   4911526.000000
2237   4913930.000000
2238   4915980.000000
2239   4918030.000000
2240   4920080.000000
2241   4922130.000000
2242   4924180.000000
2243   4926230.000000
2244   4928280.000000
2245   4930260.000000
2246   4933512.000000
2247   4936764.000000
2248   4940016.000000
2249   4943268.000000
2250   4946520.000000
2251   4949772.000000
2252   4953024.000000
2253   4956276.000000
2254   4960236.000000
2255   4963488.000000
2256   4966740.000000
2257   4969992.000000
2258   4973244.000000
2259   4976496.000000
2260   4979748.000000
2261   4983000.000000
2262   4984980.000000
2263   4988232.000000
2264   4991484.000000
2265   4994736.000000
2266   4997988.000000
2267   5001240.000000
2268   5004492.000000
2269   5007744.000000
2270   5010996.000000
2271   5014956.000000
2272   5018208.000000
2273   5021460.000000
2274   5024712.000000
2275   5027964.000000
2276   5031216.000000
2277   5034468.000000
2278   5037720.000000
2279   5038922.000000
2280   5040972.000000
2281   5043022.000000
2282   5045072.000000
2283   5047122.000000
2284   5049172.000000
2285   5051222.000000
2286   5053272.000000
2287   5055322.000000
2288   5057726.000000
2289   5059776.000000
2290   5061826.000000
2291   5063876.000000
2292   5065926.000000
2293   5067976.000000
2294   5070026.000000
2295   5072076.000000
2296   5073278.000000
2297   5075328.000000
2298   5077378.000000
2299   5079428.000000
2300   5081478.000000
2301   5083528.000000
2302   5085578.000000
2303   5087628.000000
2304   5089678.000000
2305   5092082.000000
2306   5094132.000000
2307   5096182.000000
2308   5098232.000000
2309   5100282.000000
2310   5102332.000000
2311   5104382.000000
2312   5106432.000000
2313   5107634.000000
2314   5109684.000000
2315   5111734.000000
2316   5113784.000000
2317   5115834.000000
2318   5117884.000000
2319   5119934.000000
2320   5121984.000000
2321   5124034.000000
2322   5126438.000000
2323   5128488.000000
2324   5130538.000000
2325   5132588.000000
2326   5134638.000000
2327   5136688.000000
2328   5138738.000000
2329   5140788.000000
2330   5141990.000000
2331   5144040.000000
2332   5146090.000000
2333   5148140.000000
2334   5150190.000000
2335   5152240.000000
2336   5154290.000000
2337   5156340.000000
2338   5158390.000000
2339   5160794.000000
2340   5162844.000000
2341   5164894.000000
2342   5166944.000000
2343   5168994.000000
2344   5171044.000000
2345   5173094.000000
2346   5175144.000000
2347   5176346.000000
2348   5178396.000000
2349   5180446.000000
2350   5182496.000000
2351   5184546.000000
2352   5186596.000000
2353   5188646.000000
2354   5190696.000000
2355   5192746.000000
2356   5195150.000000
2357   5197200.000000
2358   5199250.000000
2359   5201300.000000
2360   5203350.000000
2361   5205400.000000
2362   5207450.000000
2363   5209500.000000
2364   5210702.000000
2365   5212752.000000
2366   5214802.000000
2367   5216852.000000
2368   5218902.000000
2369   5220952.000000
2370   5223002.000000
2371   5225052.000000
2372   5227102.000000
2373   5229506.000000
2374   5231556.000000
2375   5233606.000000
2376   5235656.000000
2377   5237706.000000
2378   5239756.000000
2379   5241806.000000
2380   5243856.000000
2381   5245058.000000
2382   5247108.000000
2383   5249158.000000
2384   5251208.000000
2385   5253258.000000
2386   5255308.000000
2387   5257358.000000
2388   5259408.000000
2389   5261458.000000
2390   5263862.000000
2391   5265912.000000
2392   5267962.000000
2393   5270012.000000
2394   5272062.000000
2395   5274112.000000
2396   5276162.000000
2397   5278212.000000
2398   5279414.000000
2399   5281464.000000
2400   5283514.000000
2401   5285564.000000
2402   5287614.000000
2403   5289664.000000
2404   5291714.000000
2405   5293764.000000
2406   5295814.000000
2407   5298218.000000
2408   5300268.000000
2409   5302318.000000
2410   5304368.000000
2411   5306418.000000
2412   5308468.000000
2413   5310518.000000
2414   5312568.000000
2415   5313770.000000
2416   5315820.000000
2417   5317870.000000
2418   5319920.000000
2419   5321970.000000
2420   5324020.000000
2421   5326070.000000
2422   5328120.000000
2423   5330170.000000
2424   5332574.000000
2425   5334624.000000
2426   5336674.000000
2427   5338724.000000
2428   5340774.000000
2429   5342824.000000
2430   5344874.000000
2431   5346924.000000
2432   5348126.000000
2433   5350176.000000
2434   5352226.000000
2435   5354276.000000
2436   5356326.000000
2437   5358376.000000
2438   5360426.000000
2439   5362476.000000
2440   5364526.000000
2441   5366930.000000
2442   5368980.000000
2443   5371030.000000
2444   5373080.000000
2445   5375130.000000
2446   5377180.000000
2447   5379230.000000
2448   5381280.000000
2449   5383260.000000
2450   5386512.000000
2451   5389764.000000
2452   5393016.000000
2453   5396268.000000
2454   5399520.000000
2455   5402772.000000
2456   5406024.000000
2457   5409276.000000
2458   5413236.000000
2459   5416488.000000
2460   5419740.000000
2461   5422992.000000
2462   5426244.000000
2463   5429496.000000
2464   5432748.000000
2465   5436000.000000
2466   5437980.000000
2467   5441232.000000
2468   5444484.000000
2469   5447736.000000
2470   5450988.000000
2471   5454240.000000
2472   5457492.000000
2473   5460744.000000
2474   5463996.000000
2475   5467956.000000
2476   5471208.000000
2477   5474460.000000
2478   5477712.000000
2479   5480964.000000
2480   5484216.000000
2481   5487468.000000
2482   5490720.000000
2483   5491922.000000
2484   5493972.000000
2485   5496022.000000
2486   5498072.000000
2487   5500122.000000
2488   5502172.000000
2489   5504222.000000
2490   5506272.000000
2491   5508322.000000
2492   5510726.000000
2493   5512776.000000
2494   5514826.000000
2495   5516876.000000
2496   5518926.000000
2497   5520976.000000
2498   5523026.000000
2499   5525076.000000
2500   5526278.000000
2501   5528328.000000
2502   5530378.000000
2503   5532428.000000
2504   5534478.000000
2505   5536528.000000
2506   5538578.000000
2507   5540628.000000
2508   5542678.000000
2509   5545082.000000
2510   5547132.000000
2511   5549182.000000
2512   5551232.000000
2513   5553282.000000
2514   5555332.000000
2515   5557382.000000
2516   5559432.000000
2517   5560634.000000
2518   5562684.000000
2519   5564734.000000
2520   5566784.000000
2521   5568834.000000
2522   5570884.000000
2523   5572934.000000
2524   5574984.000000
2525   5577034.000000
2526   5579438.000000
2527   5581488.000000
2528   5583538.000000
2529   5585588.000000
2530   5587638.000000
2531   5589688.000000
2532   5591738.000000
2533   5593788.000000
2534   5594990.000000
2535   5597040.000000
2536   5599090.000000
2537   5601140.000000
2538   5603190.000000
2539   5605240.000000
2540   5607290.000000
2541   5609340.000000
2542   5611390.000000
2543   5613794.000000
2544   5615844.000000
2545   5617894.000000
2546   5619944.000000
2547   5621994.000000
2548   5624044.000000
2549   5626094.000000
2550   5628144.000000
2551   5629346.000000
2552   5631396.000000
2553   5633446.000000
2554   5635496.000000
2555   5637546.000000
2556   5639596.000000
2557   5641646.000000
2558   5643696.000000
2559   5645746.000000
2560   5648150.000000
2561   5650200.000000
2562   5652250.000000
2563   5654300.000000
2564   5656350.000000
2565   5658400.000000
2566   5660450.000000
2567   5662500.000000
2568   5663702.000000
2569   5665752.000000
2570   5667802.000000
2571   5669852.000000
2572   5671902.000000
2573   5673952.000000
2574   5676002.000000
2575   5678052.000000
2576   5680102.000000
2577   5682506.000000
2578   5684556.000000
2579   5686606.000000
2580   5688656.000000
2581   5690706.000000
2582   5692756.000000
2583   5694806.000000
2584   5696856.000000
2585   5698058.000000
2586   5700108.000000
2587   5702158.000000
2588   5704208.000000
2589   5706258.000000
2590   5708308.000000
2591   5710358.000000
2592   5712408.000000
2593   5714458.000000
2594   5716862.000000
2595   5718912.000000
2596   5720962.000000
2597   5723012.000000
2598   5725062.000000
2599   5727112.000000
2600   5729162.000000
2601   5731212.000000
2602   5732414.000000
2603   5734464.000000
2604   5736514.000000
2605   5738564.000000
2606   5740614.000000
2607   5742664.000000
2608   5744714.000000
2609   5746764.000000
2610   5748814.000000
2611   5751218.000000
2612   5753268.000000
2613   5755318.000000
2614   5757368.000000
2615   5759418.000000
2616   5761468.000000
2617   5763518.000000
2618   5765568.000000
2619   5766770.000000
2620   5768820.000000
2621   5770870.000000
2622   5772920.000000
2623   5774970.000000
2624   5777020.000000
2625   5779070.000000
2626   5781120.000000
2627   5783170.000000
2628   5785574.000000
2629   5787624.000000
2630   5789674.000000
2631   5791724.000000
2632   5793774.000000
2633   5795824.000000
2634   5797874.000000
2635   5799924.000000
2636   5801126.000000
2637   5803176.000000
2638   5805226.000000
2639   5807276.000000
2640   5809326.000000
2641   5811376.000000
2642   5813426.000000
2643   5815476.000000
2644   5817526.000000
2645   5819930.000000
